=================================================================
ROSMOD::DEBUG::949364268057463217::init_timer_operation, 949364268.046319243, 949364268.046692742, 949364268.057336718, 0.011017475, 1.000000000
ROSMOD::DEBUG::949364414553525619::controlInputsSubscriber_operation, 949364414.519230616, 949364414.551222625, 949364414.552726038, 0.033495422, 10.000000000
ROSMOD::DEBUG::949364417138086771::controlInputsSubscriber_operation, 949364417.113291162, 949364417.135745026, 949364417.136870690, 0.023579528, 10.000000000
ROSMOD::DEBUG::949364507236934173::sampleStateFromImageServer_operation, 949364500.727678405, 949364500.728701569, 949364507.236866673, 6.509188268, 10.000000000
ROSMOD::DEBUG::949364517676245295::sampleStateFromImageServer_operation, 949364510.756424982, 949364510.761874719, 949364517.676202461, 6.919777479, 10.000000000
ROSMOD::DEBUG::949364526302230470::sampleStateFromImageServer_operation, 949364519.918010244, 949364519.919162325, 949364526.302198303, 6.384188059, 10.000000000
ROSMOD::DEBUG::949364535019698516::sampleStateFromImageServer_operation, 949364529.224225586, 949364529.234334313, 949364535.019665516, 5.795439930, 10.000000000
ROSMOD::DEBUG::949364543539667938::sampleStateFromImageServer_operation, 949364536.867239216, 949364536.868222880, 949364543.539638604, 6.672399388, 10.000000000
ROSMOD::DEBUG::949364552116522894::sampleStateFromImageServer_operation, 949364543.845674309, 949364543.845762892, 949364552.116493061, 8.270818752, 10.000000000
ROSMOD::DEBUG::949364561242487572::sampleStateFromImageServer_operation, 949364552.920475523, 949364552.921691353, 949364561.242453656, 8.321978133, 10.000000000
ROSMOD::DEBUG::949364571155706418::sampleStateFromImageServer_operation, 949364564.961210584, 949364564.962195165, 949364571.155674668, 6.194464084, 10.000000000
ROSMOD::DEBUG::949364580304516460::sampleStateFromImageServer_operation, 949364573.490162569, 949364573.492827146, 949364580.304484044, 6.814321475, 10.000000000
ROSMOD::DEBUG::949364588387080983::sampleStateFromImageServer_operation, 949364581.396237670, 949364581.397215501, 949364588.387051150, 6.990813480, 10.000000000
ROSMOD::DEBUG::949364596109911761::sampleStateFromImageServer_operation, 949364592.119414214, 949364592.120432378, 949364596.109866011, 3.990451797, 10.000000000
ROSMOD::DEBUG::949364601104512387::sampleStateFromImageServer_operation, 949364597.167517133, 949364597.168686380, 949364601.104464637, 3.936947504, 10.000000000
ROSMOD::DEBUG::949364608368708065::sampleStateFromImageServer_operation, 949364601.461720472, 949364601.462722220, 949364608.368676565, 6.906956093, 10.000000000
ROSMOD::DEBUG::949364614089590001::sampleStateFromImageServer_operation, 949364609.012292484, 949364609.013363315, 949364614.089556584, 5.077264100, 10.000000000
ROSMOD::DEBUG::949364623605487438::sampleStateFromImageServer_operation, 949364614.449310497, 949364614.449992662, 949364623.605244772, 9.155934275, 10.000000000
ROSMOD::DEBUG::949364627546337434::sampleStateFromImageServer_operation, 949364624.508867336, 949364624.508970003, 949364627.546296601, 3.037429265, 10.000000000
ROSMOD::DEBUG::949364634396159993::sampleStateFromImageServer_operation, 949364628.215979042, 949364628.217263872, 949364634.396129243, 6.180150201, 10.000000000
ROSMOD::DEBUG::949364641191640428::sampleStateFromImageServer_operation, 949364635.205621776, 949364635.206623273, 949364641.191608261, 5.985986485, 10.000000000
ROSMOD::DEBUG::949364647084359464::sampleStateFromImageServer_operation, 949364642.243034898, 949364642.244029062, 949364647.084325881, 4.841290983, 10.000000000
ROSMOD::DEBUG::949364653201504478::sampleStateFromImageServer_operation, 949364647.451535276, 949364647.452337191, 949364653.201475228, 5.749939952, 10.000000000
ROSMOD::DEBUG::949364666638205208::sampleStateFromImageServer_operation, 949364653.544291430, 949364653.545301428, 949364666.637821542, 13.093530112, 10.000000000
ROSMOD::DEBUG::949364673189566378::sampleStateFromImageServer_operation, 949364667.152561927, 949364667.153351009, 949364673.189534461, 6.036972534, 10.000000000
ROSMOD::DEBUG::949364680086010078::sampleStateFromImageServer_operation, 949364675.481481544, 949364675.482597541, 949364680.085985078, 4.604503534, 10.000000000
ROSMOD::INFO::949364716535778501::PayloadBay: 0, (-0.000003,-0.000003), -0.000000
ROSMOD::DEBUG::949364716760135312::payloadBayStateFromImageServer_operation, 949364715.039012151, 949364715.040065815, 949364716.760102312, 1.721090161, 10.000000000
ROSMOD::INFO::949364722300701501::PayloadBay: 2, (946.250000,261.750000), 0.000000
ROSMOD::DEBUG::949364722524201731::payloadBayStateFromImageServer_operation, 949364719.119759154, 949364719.121003901, 949364722.524156564, 3.404397410, 10.000000000
ROSMOD::INFO::949364725385459239::PayloadBay: 2, (923.000000,339.250000), 0.000000
ROSMOD::DEBUG::949364725615790203::payloadBayStateFromImageServer_operation, 949364723.191849427, 949364723.192839925, 949364725.615762953, 2.423913526, 10.000000000
ROSMOD::INFO::949364727612825388::PayloadBay: 1, (937.875000,236.625000), -79.754852
ROSMOD::DEBUG::949364727842433271::payloadBayStateFromImageServer_operation, 949364726.150208792, 949364726.151135124, 949364727.842402021, 1.692193229, 10.000000000
ROSMOD::INFO::949364733571397271::PayloadBay: 1, (921.000000,291.125000), -81.573029
ROSMOD::DEBUG::949364733802151734::payloadBayStateFromImageServer_operation, 949364728.257161139, 949364728.258296136, 949364733.802120651, 5.544959512, 10.000000000
ROSMOD::INFO::949364738426079723::PayloadBay: 1, (909.250000,333.000000), -83.008072
ROSMOD::DEBUG::949364738741023657::payloadBayStateFromImageServer_operation, 949364734.130403637, 949364734.130486637, 949364738.740986991, 4.610583354, 10.000000000
ROSMOD::INFO::949364745541933580::PayloadBay: 1, (890.625000,409.625000), -85.635773
ROSMOD::DEBUG::949364745787055926::payloadBayStateFromImageServer_operation, 949364739.173530234, 949364739.174566815, 949364745.787025843, 6.613495609, 10.000000000
ROSMOD::INFO::949364752246551810::PayloadBay: 1, (911.625000,464.500000), -87.344315
ROSMOD::DEBUG::949364752653979112::payloadBayStateFromImageServer_operation, 949364746.993319619, 949364746.994318700, 949364752.653949112, 5.660629493, 10.000000000
ROSMOD::INFO::949364754593377765::PayloadBay: 2, (905.000000,623.250000), 0.000000
ROSMOD::DEBUG::949364754827816636::payloadBayStateFromImageServer_operation, 949364753.133138497, 949364753.135104742, 949364754.827784969, 1.694646472, 10.000000000
ROSMOD::INFO::949364760372560232::PayloadBay: 1, (936.375000,471.500000), -87.173431
ROSMOD::DEBUG::949364760711024278::payloadBayStateFromImageServer_operation, 949364756.013233044, 949364756.014223958, 949364760.710992444, 4.697759400, 10.000000000
ROSMOD::INFO::949364762719121771::PayloadBay: 1, (935.750000,473.250000), -87.124138
ROSMOD::DEBUG::949364762954209974::payloadBayStateFromImageServer_operation, 949364761.216379435, 949364761.217377516, 949364762.954178641, 1.737799206, 10.000000000
ROSMOD::INFO::949364768284026737::PayloadBay: 1, (935.000000,473.250000), -87.119621
ROSMOD::DEBUG::949364768671280086::payloadBayStateFromImageServer_operation, 949364763.306995236, 949364763.307346402, 949364768.671235252, 5.364240016, 10.000000000
ROSMOD::INFO::949364775088403151::PayloadBay: 1, (935.875000,475.875000), -87.166771
ROSMOD::DEBUG::949364775584185498::payloadBayStateFromImageServer_operation, 949364769.146864145, 949364769.147537561, 949364775.584154248, 6.437290103, 10.000000000
ROSMOD::INFO::949364780433598712::PayloadBay: 1, (936.125000,476.000000), -87.258736
ROSMOD::DEBUG::949364780910543102::payloadBayStateFromImageServer_operation, 949364776.212448702, 949364776.213401450, 949364780.910499352, 4.698050650, 10.000000000
ROSMOD::INFO::949364785431742497::PayloadBay: 1, (930.750000,507.625000), -88.205887
ROSMOD::DEBUG::949364785739244698::payloadBayStateFromImageServer_operation, 949364781.230627357, 949364781.230714107, 949364785.739213448, 4.508586091, 10.000000000
