=================================================================
ROSMOD::DEBUG::949364267948980136::init_timer_operation, 949364267.933103090, 949364267.933541422, 949364267.948789970, 0.015686880, 1.000000000
ROSMOD::DEBUG::949364414546301469::controlInputsSubscriber_operation, 949364414.517477870, 949364414.541764313, 949364414.545391888, 0.027914018, 5.000000000
ROSMOD::DEBUG::949364417131697369::controlInputsSubscriber_operation, 949364417.111686832, 949364417.129412624, 949364417.130811371, 0.019124539, 5.000000000
ROSMOD::DEBUG::949364505325430455::captureImageServer_operation, 949364500.762462990, 949364500.763455655, 949364505.325254538, 4.562791548, 5.000000000
ROSMOD::DEBUG::949364515746742035::captureImageServer_operation, 949364510.864142231, 949364510.874348291, 949364515.746644619, 4.882502388, 5.000000000
ROSMOD::DEBUG::949364524329618561::captureImageServer_operation, 949364519.974638529, 949364519.979623351, 949364524.329448394, 4.354809865, 5.000000000
ROSMOD::DEBUG::949364533205628821::captureImageServer_operation, 949364529.347563466, 949364529.354442700, 949364533.205472571, 3.857909105, 5.000000000
ROSMOD::DEBUG::949364541375006059::captureImageServer_operation, 949364536.896647397, 949364536.897558145, 949364541.374844559, 4.478197162, 5.000000000
ROSMOD::DEBUG::949364547980280270::captureImageServer_operation, 949364543.862906019, 949364543.862984768, 949364547.980173603, 4.117267584, 5.000000000
ROSMOD::DEBUG::949364559182342033::captureImageServer_operation, 949364552.975345145, 949364552.978240222, 949364559.182166284, 6.206821139, 5.000000000
ROSMOD::DEBUG::949364569029080951::captureImageServer_operation, 949364564.991623014, 949364564.992537928, 949364569.028815785, 4.037192771, 5.000000000
ROSMOD::DEBUG::949364578307776024::captureImageServer_operation, 949364573.550160013, 949364573.552873923, 949364578.307601524, 4.757441511, 5.000000000
ROSMOD::DEBUG::949364586283657879::captureImageServer_operation, 949364581.436076160, 949364581.437283324, 949364586.283487712, 4.847411552, 5.000000000
ROSMOD::DEBUG::949364594187952900::captureImageServer_operation, 949364592.151146640, 949364592.152062888, 949364594.187751651, 2.036605011, 5.000000000
ROSMOD::DEBUG::949364599201592482::captureImageServer_operation, 949364597.227409243, 949364597.230079737, 949364599.201428899, 1.974019656, 5.000000000
ROSMOD::DEBUG::949364606292866729::captureImageServer_operation, 949364601.499728717, 949364601.501129214, 949364606.292692230, 4.792963513, 5.000000000
ROSMOD::DEBUG::949364612188376259::captureImageServer_operation, 949364609.044793325, 949364609.045808739, 949364612.188215259, 3.143421934, 5.000000000
ROSMOD::DEBUG::949364618109334896::captureImageServer_operation, 949364614.476051685, 949364614.476745683, 949364618.109156980, 3.633105295, 5.000000000
ROSMOD::DEBUG::949364625676407869::captureImageServer_operation, 949364624.524571800, 949364624.524629883, 949364625.676368286, 1.151796486, 5.000000000
ROSMOD::DEBUG::949364632358699234::captureImageServer_operation, 949364628.271273497, 949364628.273482158, 949364632.358526068, 4.087252571, 5.000000000
ROSMOD::DEBUG::949364639052102241::captureImageServer_operation, 949364635.235180207, 949364635.236175954, 949364639.051832241, 3.816652034, 5.000000000
ROSMOD::DEBUG::949364645157731865::captureImageServer_operation, 949364642.299549266, 949364642.304502255, 949364645.157578948, 2.858029682, 5.000000000
ROSMOD::DEBUG::949364651091882554::captureImageServer_operation, 949364647.476577218, 949364647.477172383, 949364651.091701805, 3.615124587, 5.000000000
ROSMOD::DEBUG::949364654987068239::captureImageServer_operation, 949364653.575524524, 949364653.576451856, 949364654.987031406, 1.411506882, 5.000000000
ROSMOD::DEBUG::949364671031143651::captureImageServer_operation, 949364667.180405029, 949364667.181040111, 949364671.030968401, 3.850563372, 5.000000000
ROSMOD::DEBUG::949364678171944533::captureImageServer_operation, 949364675.542669568, 949364675.545780978, 949364678.171671033, 2.629001465, 5.000000000
ROSMOD::DEBUG::949364716364049067::captureImageServer_operation, 949364715.104692581, 949364715.105660329, 949364716.363949151, 1.259256570, 5.000000000
ROSMOD::DEBUG::949364722142537952::captureImageServer_operation, 949364719.227827486, 949364719.236398799, 949364722.142438786, 2.914611300, 5.000000000
ROSMOD::DEBUG::949364725186713618::captureImageServer_operation, 949364723.249325960, 949364723.251691205, 949364725.186555952, 1.937229992, 5.000000000
ROSMOD::DEBUG::949364727439667958::captureImageServer_operation, 949364726.182301051, 949364726.183228215, 949364727.439629042, 1.257327991, 5.000000000
ROSMOD::DEBUG::949364733213557104::captureImageServer_operation, 949364728.287209069, 949364728.288215567, 949364733.213379271, 4.926170202, 5.000000000
ROSMOD::DEBUG::949364738032556056::captureImageServer_operation, 949364734.146722683, 949364734.146799932, 949364738.032376056, 3.885653373, 5.000000000
ROSMOD::DEBUG::949364745152286987::captureImageServer_operation, 949364739.209215651, 949364739.210212732, 949364745.152185820, 5.942970169, 5.000000000
ROSMOD::DEBUG::949364751839542757::captureImageServer_operation, 949364747.024525296, 949364747.025437461, 949364751.839366008, 4.814840712, 5.000000000
ROSMOD::DEBUG::949364754416189761::captureImageServer_operation, 949364753.165445421, 949364753.166609752, 949364754.416151844, 1.250706423, 5.000000000
ROSMOD::DEBUG::949364759988245710::captureImageServer_operation, 949364756.042011810, 949364756.042836558, 949364759.988141377, 3.946129567, 5.000000000
ROSMOD::DEBUG::949364762535850781::captureImageServer_operation, 949364761.248492777, 949364761.249642191, 949364762.535811364, 1.287318587, 5.000000000
ROSMOD::DEBUG::949364767900063714::captureImageServer_operation, 949364763.336422334, 949364763.337480665, 949364767.899815548, 4.563393214, 5.000000000
ROSMOD::DEBUG::949364774689526246::captureImageServer_operation, 949364769.172978335, 949364769.173569500, 949364774.689350580, 5.516372245, 5.000000000
ROSMOD::DEBUG::949364780058126919::captureImageServer_operation, 949364776.250727030, 949364776.252134610, 949364780.057859170, 3.807132140, 5.000000000
ROSMOD::DEBUG::949364785045117646::captureImageServer_operation, 949364781.247519901, 949364781.247604067, 949364785.044878730, 3.797358829, 5.000000000
